0 info it worked if it ends with ok
1 verbose cli [ '/usr/bin/node',
1 verbose cli   '/usr/bin/npm',
1 verbose cli   'install',
1 verbose cli   '-g',
1 verbose cli   'bower',
1 verbose cli   'grunt-cli' ]
2 info using npm@1.4.28
3 info using node@v0.10.33
4 verbose node symlink /usr/bin/node
5 verbose cache add [ 'bower', null ]
6 verbose cache add name=undefined spec="bower" args=["bower",null]
7 verbose parsed url { protocol: null,
7 verbose parsed url   slashes: null,
7 verbose parsed url   auth: null,
7 verbose parsed url   host: null,
7 verbose parsed url   port: null,
7 verbose parsed url   hostname: null,
7 verbose parsed url   hash: null,
7 verbose parsed url   search: null,
7 verbose parsed url   query: null,
7 verbose parsed url   pathname: 'bower',
7 verbose parsed url   path: 'bower',
7 verbose parsed url   href: 'bower' }
8 verbose cache add [ 'grunt-cli', null ]
9 verbose cache add name=undefined spec="grunt-cli" args=["grunt-cli",null]
10 verbose parsed url { protocol: null,
10 verbose parsed url   slashes: null,
10 verbose parsed url   auth: null,
10 verbose parsed url   host: null,
10 verbose parsed url   port: null,
10 verbose parsed url   hostname: null,
10 verbose parsed url   hash: null,
10 verbose parsed url   search: null,
10 verbose parsed url   query: null,
10 verbose parsed url   pathname: 'grunt-cli',
10 verbose parsed url   path: 'grunt-cli',
10 verbose parsed url   href: 'grunt-cli' }
11 silly lockFile 206e3ce5-bower bower
12 verbose lock bower /home/kim/.npm/206e3ce5-bower.lock
13 silly lockFile 671ef8ac-grunt-cli grunt-cli
14 verbose lock grunt-cli /home/kim/.npm/671ef8ac-grunt-cli.lock
15 silly lockFile 206e3ce5-bower bower
16 silly lockFile 206e3ce5-bower bower
17 silly lockFile 671ef8ac-grunt-cli grunt-cli
18 silly lockFile 671ef8ac-grunt-cli grunt-cli
19 verbose addNamed [ 'bower', '' ]
20 verbose addNamed [ null, '*' ]
21 silly lockFile 1240aab1-bower bower@
22 verbose lock bower@ /home/kim/.npm/1240aab1-bower.lock
23 verbose addNamed [ 'grunt-cli', '' ]
24 verbose addNamed [ null, '*' ]
25 silly lockFile d63f3d0b-grunt-cli grunt-cli@
26 verbose lock grunt-cli@ /home/kim/.npm/d63f3d0b-grunt-cli.lock
27 silly addNameRange { name: 'bower', range: '*', hasData: false }
28 silly addNameRange { name: 'grunt-cli', range: '*', hasData: false }
29 verbose request where is /grunt-cli
30 verbose request registry https://registry.npmjs.org/
31 verbose request id 68f40adc8353777c
32 verbose url raw /grunt-cli
33 verbose url resolving [ 'https://registry.npmjs.org/', './grunt-cli' ]
34 verbose url resolved https://registry.npmjs.org/grunt-cli
35 verbose request where is https://registry.npmjs.org/grunt-cli
36 info trying registry request attempt 1 at 11:36:15
37 http GET https://registry.npmjs.org/grunt-cli
38 verbose request where is /bower
39 verbose request registry https://registry.npmjs.org/
40 verbose url raw /bower
41 verbose url resolving [ 'https://registry.npmjs.org/', './bower' ]
42 verbose url resolved https://registry.npmjs.org/bower
43 verbose request where is https://registry.npmjs.org/bower
44 info trying registry request attempt 1 at 11:36:15
45 verbose etag "53NFJJM8T0F0BM9ETQSNF4T8E"
46 http GET https://registry.npmjs.org/bower
47 http 200 https://registry.npmjs.org/grunt-cli
48 silly registry.get cb [ 200,
48 silly registry.get   { date: 'Mon, 23 Feb 2015 11:36:17 GMT',
48 silly registry.get     server: 'CouchDB/1.5.0 (Erlang OTP/R16B03)',
48 silly registry.get     etag: '"2V9D8B3ZWHBNO7QFHJNCOGCDJ"',
48 silly registry.get     'content-type': 'application/json',
48 silly registry.get     'cache-control': 'max-age=60',
48 silly registry.get     'content-length': '20500',
48 silly registry.get     'accept-ranges': 'bytes',
48 silly registry.get     via: '1.1 varnish',
48 silly registry.get     age: '13',
48 silly registry.get     'x-served-by': 'cache-lhr6335-LHR',
48 silly registry.get     'x-cache': 'HIT',
48 silly registry.get     'x-cache-hits': '1',
48 silly registry.get     'x-timer': 'S1424691377.676880,VS0,VE0',
48 silly registry.get     vary: 'Accept',
48 silly registry.get     'keep-alive': 'timeout=10, max=50',
48 silly registry.get     connection: 'Keep-Alive' } ]
49 silly addNameRange number 2 { name: 'grunt-cli', range: '*', hasData: true }
50 silly addNameRange versions [ 'grunt-cli',
50 silly addNameRange   [ '0.1.0',
50 silly addNameRange     '0.1.1',
50 silly addNameRange     '0.1.2',
50 silly addNameRange     '0.1.3',
50 silly addNameRange     '0.1.4',
50 silly addNameRange     '0.1.5',
50 silly addNameRange     '0.1.6',
50 silly addNameRange     '0.1.7',
50 silly addNameRange     '0.1.8',
50 silly addNameRange     '0.1.9',
50 silly addNameRange     '0.1.10',
50 silly addNameRange     '0.1.11',
50 silly addNameRange     '0.1.12',
50 silly addNameRange     '0.1.13' ] ]
51 verbose addNamed [ 'grunt-cli', '0.1.13' ]
52 verbose addNamed [ '0.1.13', '0.1.13' ]
53 silly lockFile 28997503-grunt-cli-0-1-13 grunt-cli@0.1.13
54 verbose lock grunt-cli@0.1.13 /home/kim/.npm/28997503-grunt-cli-0-1-13.lock
55 silly lockFile ab76c46e-g-grunt-cli-grunt-cli-0-1-13-tgz https://registry.npmjs.org/grunt-cli/-/grunt-cli-0.1.13.tgz
56 verbose lock https://registry.npmjs.org/grunt-cli/-/grunt-cli-0.1.13.tgz /home/kim/.npm/ab76c46e-g-grunt-cli-grunt-cli-0-1-13-tgz.lock
57 verbose addRemoteTarball [ 'https://registry.npmjs.org/grunt-cli/-/grunt-cli-0.1.13.tgz',
57 verbose addRemoteTarball   'e9ebc4047631f5012d922770c39378133cad10f4' ]
58 info retry fetch attempt 1 at 11:36:17
59 verbose fetch to= /tmp/npm-5623-osLOyAJq/registry.npmjs.org/grunt-cli/-/grunt-cli-0.1.13.tgz
60 http GET https://registry.npmjs.org/grunt-cli/-/grunt-cli-0.1.13.tgz
61 http 200 https://registry.npmjs.org/grunt-cli/-/grunt-cli-0.1.13.tgz
62 silly lockFile ab76c46e-g-grunt-cli-grunt-cli-0-1-13-tgz https://registry.npmjs.org/grunt-cli/-/grunt-cli-0.1.13.tgz
63 silly lockFile ab76c46e-g-grunt-cli-grunt-cli-0-1-13-tgz https://registry.npmjs.org/grunt-cli/-/grunt-cli-0.1.13.tgz
64 silly lockFile 28997503-grunt-cli-0-1-13 grunt-cli@0.1.13
65 silly lockFile 28997503-grunt-cli-0-1-13 grunt-cli@0.1.13
66 silly lockFile d63f3d0b-grunt-cli grunt-cli@
67 silly lockFile d63f3d0b-grunt-cli grunt-cli@
68 http 200 https://registry.npmjs.org/bower
69 silly registry.get cb [ 200,
69 silly registry.get   { date: 'Mon, 23 Feb 2015 11:36:21 GMT',
69 silly registry.get     server: 'CouchDB/1.5.0 (Erlang OTP/R16B03)',
69 silly registry.get     etag: '"EMNQ71QUAG5QKZ2FXIXF0G245"',
69 silly registry.get     'content-type': 'application/json',
69 silly registry.get     'cache-control': 'max-age=60',
69 silly registry.get     'content-length': '106481',
69 silly registry.get     'accept-ranges': 'bytes',
69 silly registry.get     via: '1.1 varnish',
69 silly registry.get     age: '23',
69 silly registry.get     'x-served-by': 'cache-lhr6334-LHR',
69 silly registry.get     'x-cache': 'HIT',
69 silly registry.get     'x-cache-hits': '1',
69 silly registry.get     'x-timer': 'S1424691381.342287,VS0,VE1',
69 silly registry.get     vary: 'Accept',
69 silly registry.get     'keep-alive': 'timeout=10, max=50',
69 silly registry.get     connection: 'Keep-Alive' } ]
70 silly addNameRange number 2 { name: 'bower', range: '*', hasData: true }
71 silly addNameRange versions [ 'bower',
71 silly addNameRange   [ '0.1.0',
71 silly addNameRange     '0.1.2',
71 silly addNameRange     '0.1.3',
71 silly addNameRange     '0.2.0',
71 silly addNameRange     '0.3.0',
71 silly addNameRange     '0.3.1',
71 silly addNameRange     '0.3.2',
71 silly addNameRange     '0.4.0',
71 silly addNameRange     '0.5.0',
71 silly addNameRange     '0.5.1',
71 silly addNameRange     '0.6.0',
71 silly addNameRange     '0.6.1',
71 silly addNameRange     '0.6.2',
71 silly addNameRange     '0.6.3',
71 silly addNameRange     '0.6.4',
71 silly addNameRange     '0.6.5',
71 silly addNameRange     '0.6.6',
71 silly addNameRange     '0.6.7',
71 silly addNameRange     '0.6.8',
71 silly addNameRange     '0.7.0',
71 silly addNameRange     '0.7.1',
71 silly addNameRange     '0.8.0',
71 silly addNameRange     '0.8.1',
71 silly addNameRange     '0.8.2',
71 silly addNameRange     '0.8.3',
71 silly addNameRange     '0.8.4',
71 silly addNameRange     '0.8.5',
71 silly addNameRange     '0.8.6',
71 silly addNameRange     '0.9.0',
71 silly addNameRange     '0.9.1',
71 silly addNameRange     '0.9.2',
71 silly addNameRange     '0.10.0',
71 silly addNameRange     '1.0.0',
71 silly addNameRange     '1.0.1',
71 silly addNameRange     '1.0.2',
71 silly addNameRange     '1.0.3',
71 silly addNameRange     '1.1.0',
71 silly addNameRange     '1.1.1',
71 silly addNameRange     '1.1.2',
71 silly addNameRange     '1.2.0',
71 silly addNameRange     '1.2.1',
71 silly addNameRange     '1.2.2',
71 silly addNameRange     '1.2.3',
71 silly addNameRange     '1.2.4',
71 silly addNameRange     '1.2.5',
71 silly addNameRange     '1.2.6',
71 silly addNameRange     '1.2.7',
71 silly addNameRange     '1.2.8',
71 silly addNameRange     '1.3.0',
71 silly addNameRange     '1.3.1',
71 silly addNameRange     '1.3.2',
71 silly addNameRange     '1.3.3',
71 silly addNameRange     '1.3.4',
71 silly addNameRange     '1.3.5',
71 silly addNameRange     '1.3.6',
71 silly addNameRange     '1.3.7',
71 silly addNameRange     '1.3.8',
71 silly addNameRange     '1.3.9',
71 silly addNameRange     '1.3.10',
71 silly addNameRange     '1.3.11',
71 silly addNameRange     '1.3.12' ] ]
72 verbose addNamed [ 'bower', '1.3.12' ]
73 verbose addNamed [ '1.3.12', '1.3.12' ]
74 silly lockFile 9819431c-bower-1-3-12 bower@1.3.12
75 verbose lock bower@1.3.12 /home/kim/.npm/9819431c-bower-1-3-12.lock
76 silly lockFile 9819431c-bower-1-3-12 bower@1.3.12
77 silly lockFile 9819431c-bower-1-3-12 bower@1.3.12
78 silly lockFile 1240aab1-bower bower@
79 silly lockFile 1240aab1-bower bower@
80 silly resolved [ { name: 'grunt-cli',
80 silly resolved     description: 'The grunt command line interface.',
80 silly resolved     version: '0.1.13',
80 silly resolved     author: { name: 'Grunt Team' },
80 silly resolved     homepage: 'http://gruntjs.com/',
80 silly resolved     repository: { type: 'git', url: 'git://github.com/gruntjs/grunt-cli.git' },
80 silly resolved     bugs: { url: 'http://github.com/gruntjs/grunt-cli/issues' },
80 silly resolved     licenses: [ [Object] ],
80 silly resolved     bin: { grunt: 'bin/grunt' },
80 silly resolved     engines: { node: '>= 0.8.0' },
80 silly resolved     scripts: { test: 'node bin/grunt test' },
80 silly resolved     preferGlobal: true,
80 silly resolved     dependencies: { nopt: '~1.0.10', 'findup-sync': '~0.1.0', resolve: '~0.3.1' },
80 silly resolved     devDependencies: { grunt: '~0.4.0', 'grunt-contrib-jshint': '~0.2.0' },
80 silly resolved     contributors: [ [Object], [Object], [Object], [Object] ],
80 silly resolved     _id: 'grunt-cli@0.1.13',
80 silly resolved     dist:
80 silly resolved      { shasum: 'e9ebc4047631f5012d922770c39378133cad10f4',
80 silly resolved        tarball: 'http://registry.npmjs.org/grunt-cli/-/grunt-cli-0.1.13.tgz' },
80 silly resolved     _from: 'grunt-cli@',
80 silly resolved     _npmVersion: '1.3.24',
80 silly resolved     _npmUser: { name: 'tkellen', email: 'tyler@sleekcode.net' },
80 silly resolved     maintainers: [ [Object] ],
80 silly resolved     directories: {},
80 silly resolved     _shasum: 'e9ebc4047631f5012d922770c39378133cad10f4',
80 silly resolved     _resolved: 'https://registry.npmjs.org/grunt-cli/-/grunt-cli-0.1.13.tgz' },
80 silly resolved   { name: 'bower',
80 silly resolved     version: '1.3.12',
80 silly resolved     description: 'The browser package manager',
80 silly resolved     author: { name: 'Twitter' },
80 silly resolved     licenses: [ [Object] ],
80 silly resolved     repository: { type: 'git', url: 'https://github.com/bower/bower' },
80 silly resolved     main: 'lib',
80 silly resolved     homepage: 'http://bower.io',
80 silly resolved     engines: { node: '>=0.10.0' },
80 silly resolved     dependencies:
80 silly resolved      { abbrev: '~1.0.4',
80 silly resolved        archy: '0.0.2',
80 silly resolved        'bower-config': '~0.5.2',
80 silly resolved        'bower-endpoint-parser': '~0.2.2',
80 silly resolved        'bower-json': '~0.4.0',
80 silly resolved        'bower-logger': '~0.2.2',
80 silly resolved        'bower-registry-client': '~0.2.0',
80 silly resolved        cardinal: '0.4.0',
80 silly resolved        chalk: '0.5.0',
80 silly resolved        chmodr: '0.1.0',
80 silly resolved        'decompress-zip': '0.0.8',
80 silly resolved        fstream: '~1.0.2',
80 silly resolved        'fstream-ignore': '~1.0.1',
80 silly resolved        glob: '~4.0.2',
80 silly resolved        'graceful-fs': '~3.0.1',
80 silly resolved        handlebars: '~2.0.0',
80 silly resolved        inquirer: '0.7.1',
80 silly resolved        insight: '0.4.3',
80 silly resolved        'is-root': '~1.0.0',
80 silly resolved        junk: '~1.0.0',
80 silly resolved        lockfile: '~1.0.0',
80 silly resolved        'lru-cache': '~2.5.0',
80 silly resolved        mkdirp: '0.5.0',
80 silly resolved        mout: '~0.9.0',
80 silly resolved        nopt: '~3.0.0',
80 silly resolved        opn: '~1.0.0',
80 silly resolved        osenv: '0.1.0',
80 silly resolved        'p-throttler': '0.1.0',
80 silly resolved        promptly: '0.2.0',
80 silly resolved        q: '~1.0.1',
80 silly resolved        request: '~2.42.0',
80 silly resolved        'request-progress': '0.3.0',
80 silly resolved        retry: '0.6.0',
80 silly resolved        rimraf: '~2.2.0',
80 silly resolved        semver: '~2.3.0',
80 silly resolved        'shell-quote': '~1.4.1',
80 silly resolved        'stringify-object': '~1.0.0',
80 silly resolved        'tar-fs': '0.5.2',
80 silly resolved        tmp: '0.0.23',
80 silly resolved        'update-notifier': '0.2.0',
80 silly resolved        which: '~1.0.5' },
80 silly resolved     devDependencies:
80 silly resolved      { coveralls: '~2.11.0',
80 silly resolved        'expect.js': '~0.3.1',
80 silly resolved        grunt: '~0.4.4',
80 silly resolved        'grunt-cli': '^0.1.13',
80 silly resolved        'grunt-contrib-jshint': '~0.10.0',
80 silly resolved        'grunt-contrib-watch': '~0.6.1',
80 silly resolved        'grunt-exec': '~0.4.2',
80 silly resolved        'grunt-simple-mocha': '~0.4.0',
80 silly resolved        istanbul: '~0.3.2',
80 silly resolved        'load-grunt-tasks': '~0.6.0',
80 silly resolved        mocha: '~1.21.4',
80 silly resolved        nock: '~0.46.0',
80 silly resolved        'node-uuid': '~1.4.1',
80 silly resolved        proxyquire: '~1.0.1' },
80 silly resolved     scripts: { test: 'grunt test' },
80 silly resolved     bin: { bower: 'bin/bower' },
80 silly resolved     preferGlobal: true,
80 silly resolved     gitHead: 'b26c072f0db054a1902ec4d2e3726dbf8a1c799a',
80 silly resolved     bugs: { url: 'https://github.com/bower/bower/issues' },
80 silly resolved     _id: 'bower@1.3.12',
80 silly resolved     _shasum: '37de0edb3904baf90aee13384a1a379a05ee214c',
80 silly resolved     _from: 'bower@',
80 silly resolved     _npmVersion: '2.0.0',
80 silly resolved     _npmUser: { name: 'sheerun', email: 'sheerun@sher.pl' },
80 silly resolved     maintainers: [ [Object], [Object], [Object], [Object], [Object], [Object] ],
80 silly resolved     dist:
80 silly resolved      { shasum: '37de0edb3904baf90aee13384a1a379a05ee214c',
80 silly resolved        tarball: 'http://registry.npmjs.org/bower/-/bower-1.3.12.tgz' },
80 silly resolved     directories: {},
80 silly resolved     _resolved: 'https://registry.npmjs.org/bower/-/bower-1.3.12.tgz',
80 silly resolved     readme: 'ERROR: No README data found!' } ]
81 info install grunt-cli@0.1.13 into /usr/lib
82 info install bower@1.3.12 into /usr/lib
83 info installOne grunt-cli@0.1.13
84 info installOne bower@1.3.12
85 verbose lib/node_modules/bower unbuild
86 verbose lib/node_modules/grunt-cli unbuild
87 verbose tar unpack /home/kim/.npm/grunt-cli/0.1.13/package.tgz
88 silly lockFile 2107e595-r-usr-lib-node-modules-grunt-cli tar:///usr/lib/node_modules/grunt-cli
89 verbose lock tar:///usr/lib/node_modules/grunt-cli /home/kim/.npm/2107e595-r-usr-lib-node-modules-grunt-cli.lock
90 silly lockFile f58e636a-npm-grunt-cli-0-1-13-package-tgz tar:///home/kim/.npm/grunt-cli/0.1.13/package.tgz
91 verbose lock tar:///home/kim/.npm/grunt-cli/0.1.13/package.tgz /home/kim/.npm/f58e636a-npm-grunt-cli-0-1-13-package-tgz.lock
92 silly gunzTarPerm modes [ '775', '664' ]
93 info preuninstall bower@1.3.12
94 info uninstall bower@1.3.12
95 verbose true,/usr/lib/node_modules,/usr/lib/node_modules unbuild bower@1.3.12
96 verbose /usr/bin,[object Object] binRoot
97 error Error: EACCES, mkdir '/usr/lib/node_modules/grunt-cli'
97 error  { [Error: EACCES, mkdir '/usr/lib/node_modules/grunt-cli']
97 error   errno: 3,
97 error   code: 'EACCES',
97 error   path: '/usr/lib/node_modules/grunt-cli',
97 error   fstream_type: 'Directory',
97 error   fstream_path: '/usr/lib/node_modules/grunt-cli',
97 error   fstream_class: 'DirWriter',
97 error   fstream_stack:
97 error    [ '/usr/lib/node_modules/npm/node_modules/fstream/lib/dir-writer.js:36:23',
97 error      '/usr/lib/node_modules/npm/node_modules/mkdirp/index.js:46:53',
97 error      'Object.oncomplete (fs.js:107:15)' ] }
98 error Please try running this command again as root/Administrator.
99 error System Linux 3.13.0-40-generic
100 error command "/usr/bin/node" "/usr/bin/npm" "install" "-g" "bower" "grunt-cli"
101 error cwd /home/kim/salfordaudio
102 error node -v v0.10.33
103 error npm -v 1.4.28
104 error path /usr/lib/node_modules/grunt-cli
105 error fstream_path /usr/lib/node_modules/grunt-cli
106 error fstream_type Directory
107 error fstream_class DirWriter
108 error code EACCES
109 error errno 3
110 error stack Error: EACCES, mkdir '/usr/lib/node_modules/grunt-cli'
111 error fstream_stack /usr/lib/node_modules/npm/node_modules/fstream/lib/dir-writer.js:36:23
111 error fstream_stack /usr/lib/node_modules/npm/node_modules/mkdirp/index.js:46:53
111 error fstream_stack Object.oncomplete (fs.js:107:15)
112 verbose exit [ 3, true ]
